{"level":"info","message":"Login UserName is : milad","timestamp":"2017-09-23T06:58:22.122Z"}
{"level":"info","message":"Login UserName is : milad","timestamp":"2017-09-23T07:04:18.462Z"}
{"level":"info","message":"Login UserName is : milad","timestamp":"2017-09-23T07:17:15.213Z"}
{"level":"info","message":"Access Denied UserName is :milad","timestamp":"2017-09-23T07:22:41.766Z"}
{"level":"info","message":"Login UserName is : milad","timestamp":"2017-09-23T07:22:46.606Z"}
{"level":"info","message":"Login UserName is : milad","timestamp":"2017-09-23T07:23:41.916Z"}
{"level":"info","message":"Logout :undefined","timestamp":"2017-09-23T07:25:44.734Z"}
{"level":"info","message":"Login UserName is : milad","timestamp":"2017-09-23T07:25:51.121Z"}
{"level":"info","message":"Logout :undefined","timestamp":"2017-09-23T07:25:52.513Z"}
{"level":"info","message":"Logout :undefined","timestamp":"2017-09-23T07:29:06.021Z"}
{"level":"info","message":"Login UserName is : milad","timestamp":"2017-09-23T07:29:11.504Z"}
{"level":"info","message":"Logout :undefined","timestamp":"2017-09-23T07:29:14.507Z"}
{"level":"info","message":"Logout :Null","timestamp":"2017-09-23T07:43:43.569Z"}
{"level":"info","message":"Logout :Null","timestamp":"2017-09-23T07:44:27.734Z"}
{"level":"info","message":"Access Denied UserName is :adsc","timestamp":"2017-09-23T07:44:33.871Z"}
{"level":"info","message":"Login UserName is : milad","timestamp":"2017-09-23T07:44:56.634Z"}
{"level":"info","message":"Logout :Null","timestamp":"2017-09-23T07:44:57.969Z"}
{"level":"info","message":"Logout UserName is :Null","timestamp":"2017-09-23T07:56:47.420Z"}
{"level":"info","message":"Login UserName is : milad","timestamp":"2017-09-23T07:56:55.979Z"}
{"level":"info","message":"Logout UserName is :Null","timestamp":"2017-09-23T07:56:57.393Z"}
{"level":"info","message":"Logout UserName is :Null","timestamp":"2017-09-23T07:57:05.975Z"}
{"level":"info","message":"Login UserName is : milad","timestamp":"2017-09-23T07:57:12.555Z"}
{"level":"info","message":"Logout UserName is :Null","timestamp":"2017-09-23T07:57:13.991Z"}
